[0.536s] Invoking command in '/home/shu1516/ros2_ws/src/mypkg': PYTHONPATH=/home/shu1516/ros2_ws/src/mypkg/build/mypkg/prefix_override:/home/shu1516/ros2_ws/src/mypkg/install/mypkg/lib/python3.10/site-packages:${PYTHONPATH} /usr/bin/python3 setup.py egg_info --egg-base build/mypkg build --build-base /home/shu1516/ros2_ws/src/mypkg/build/mypkg/build install --record /home/shu1516/ros2_ws/src/mypkg/build/mypkg/install.log --single-version-externally-managed
[0.708s] running egg_info
[0.709s] creating build/mypkg/mypkg.egg-info
[0.709s] writing build/mypkg/mypkg.egg-info/PKG-INFO
[0.709s] writing dependency_links to build/mypkg/mypkg.egg-info/dependency_links.txt
[0.709s] writing entry points to build/mypkg/mypkg.egg-info/entry_points.txt
[0.710s] writing requirements to build/mypkg/mypkg.egg-info/requires.txt
[0.710s] writing top-level names to build/mypkg/mypkg.egg-info/top_level.txt
[0.710s] writing manifest file 'build/mypkg/mypkg.egg-info/SOURCES.txt'
[0.711s] reading manifest file 'build/mypkg/mypkg.egg-info/SOURCES.txt'
[0.712s] writing manifest file 'build/mypkg/mypkg.egg-info/SOURCES.txt'
[0.712s] running build
[0.712s] running build_py
[0.712s] creating /home/shu1516/ros2_ws/src/mypkg/build/mypkg/build
[0.713s] creating /home/shu1516/ros2_ws/src/mypkg/build/mypkg/build/lib
[0.713s] creating /home/shu1516/ros2_ws/src/mypkg/build/mypkg/build/lib/mypkg
[0.713s] copying mypkg/talker.py -> /home/shu1516/ros2_ws/src/mypkg/build/mypkg/build/lib/mypkg
[0.713s] copying mypkg/listener.py -> /home/shu1516/ros2_ws/src/mypkg/build/mypkg/build/lib/mypkg
[0.713s] copying mypkg/__init__.py -> /home/shu1516/ros2_ws/src/mypkg/build/mypkg/build/lib/mypkg
[0.713s] running install
[0.714s] running install_lib
[0.714s] /usr/lib/python3/dist-packages/setuptools/command/install.py:34: SetuptoolsDeprecationWarning: setup.py install is deprecated. Use build and pip and other standards-based tools.
[0.714s]   warnings.warn(
[0.714s] creating /home/shu1516/ros2_ws/src/mypkg/install/mypkg/lib/python3.10/site-packages/mypkg
[0.714s] copying /home/shu1516/ros2_ws/src/mypkg/build/mypkg/build/lib/mypkg/talker.py -> /home/shu1516/ros2_ws/src/mypkg/install/mypkg/lib/python3.10/site-packages/mypkg
[0.714s] copying /home/shu1516/ros2_ws/src/mypkg/build/mypkg/build/lib/mypkg/listener.py -> /home/shu1516/ros2_ws/src/mypkg/install/mypkg/lib/python3.10/site-packages/mypkg
[0.714s] copying /home/shu1516/ros2_ws/src/mypkg/build/mypkg/build/lib/mypkg/__init__.py -> /home/shu1516/ros2_ws/src/mypkg/install/mypkg/lib/python3.10/site-packages/mypkg
[0.715s] byte-compiling /home/shu1516/ros2_ws/src/mypkg/install/mypkg/lib/python3.10/site-packages/mypkg/talker.py to talker.cpython-310.pyc
[0.715s] byte-compiling /home/shu1516/ros2_ws/src/mypkg/install/mypkg/lib/python3.10/site-packages/mypkg/listener.py to listener.cpython-310.pyc
[0.715s] byte-compiling /home/shu1516/ros2_ws/src/mypkg/install/mypkg/lib/python3.10/site-packages/mypkg/__init__.py to __init__.cpython-310.pyc
[0.716s] running install_data
[0.716s] creating /home/shu1516/ros2_ws/src/mypkg/install/mypkg/share/ament_index
[0.716s] creating /home/shu1516/ros2_ws/src/mypkg/install/mypkg/share/ament_index/resource_index
[0.716s] creating /home/shu1516/ros2_ws/src/mypkg/install/mypkg/share/ament_index/resource_index/packages
[0.716s] copying resource/mypkg -> /home/shu1516/ros2_ws/src/mypkg/install/mypkg/share/ament_index/resource_index/packages
[0.717s] copying package.xml -> /home/shu1516/ros2_ws/src/mypkg/install/mypkg/share/mypkg
[0.717s] copying launch/talk_listen.launch.py -> /home/shu1516/ros2_ws/src/mypkg/install/mypkg/share/mypkg
[0.717s] running install_egg_info
[0.718s] Copying build/mypkg/mypkg.egg-info to /home/shu1516/ros2_ws/src/mypkg/install/mypkg/lib/python3.10/site-packages/mypkg-0.0.0-py3.10.egg-info
[0.719s] running install_scripts
[0.736s] Installing listener script to /home/shu1516/ros2_ws/src/mypkg/install/mypkg/lib/mypkg
[0.736s] Installing talker script to /home/shu1516/ros2_ws/src/mypkg/install/mypkg/lib/mypkg
[0.736s] writing list of installed files to '/home/shu1516/ros2_ws/src/mypkg/build/mypkg/install.log'
[0.759s] Invoked command in '/home/shu1516/ros2_ws/src/mypkg' returned '0': PYTHONPATH=/home/shu1516/ros2_ws/src/mypkg/build/mypkg/prefix_override:/home/shu1516/ros2_ws/src/mypkg/install/mypkg/lib/python3.10/site-packages:${PYTHONPATH} /usr/bin/python3 setup.py egg_info --egg-base build/mypkg build --build-base /home/shu1516/ros2_ws/src/mypkg/build/mypkg/build install --record /home/shu1516/ros2_ws/src/mypkg/build/mypkg/install.log --single-version-externally-managed
